<?xml version="1.0" encoding="UTF-8"?>
<testsuite xmlns:xsi="http://www.w3.org/2001/XMLSchema-instance" xsi:noNamespaceSchemaLocation="https://maven.apache.org/surefire/maven-surefire-plugin/xsd/surefire-test-report.xsd" name="com.saadkhan.buisness.EmailSenderTest" time="138.732" tests="11" errors="0" skipped="0" failures="0">
  <properties>
    <property name="sun.desktop" value="windows"/>
    <property name="awt.toolkit" value="sun.awt.windows.WToolkit"/>
    <property name="file.encoding.pkg" value="sun.io"/>
    <property name="java.specification.version" value="1.8"/>
    <property name="sun.cpu.isalist" value="amd64"/>
    <property name="sun.jnu.encoding" value="Cp1252"/>
    <property name="java.class.path" value="C:\Users\Saad\Desktop\Java_Application_for_Gmail_SaadKhan\target\test-classes;C:\Users\Saad\Desktop\Java_Application_for_Gmail_SaadKhan\target\classes;C:\Users\Saad\.m2\repository\org\jodd\jodd-mail\5.0.4\jodd-mail-5.0.4.jar;C:\Users\Saad\.m2\repository\org\jodd\jodd-core\5.0.4\jodd-core-5.0.4.jar;C:\Users\Saad\.m2\repository\javax\mail\javax.mail-api\1.6.1\javax.mail-api-1.6.1.jar;C:\Users\Saad\.m2\repository\javax\activation\activation\1.1\activation-1.1.jar;C:\Users\Saad\.m2\repository\com\sun\mail\javax.mail\1.6.1\javax.mail-1.6.1.jar;C:\Users\Saad\.m2\repository\org\slf4j\slf4j-api\1.7.25\slf4j-api-1.7.25.jar;C:\Users\Saad\.m2\repository\org\apache\logging\log4j\log4j-slf4j-impl\2.11.0\log4j-slf4j-impl-2.11.0.jar;C:\Users\Saad\.m2\repository\org\apache\logging\log4j\log4j-api\2.11.0\log4j-api-2.11.0.jar;C:\Users\Saad\.m2\repository\org\apache\logging\log4j\log4j-core\2.11.0\log4j-core-2.11.0.jar;C:\Users\Saad\.m2\repository\junit\junit\4.12\junit-4.12.jar;C:\Users\Saad\.m2\repository\org\hamcrest\hamcrest-core\1.3\hamcrest-core-1.3.jar;C:\Users\Saad\.m2\repository\mysql\mysql-connector-java\8.0.12\mysql-connector-java-8.0.12.jar;C:\Users\Saad\.m2\repository\com\google\protobuf\protobuf-java\2.6.0\protobuf-java-2.6.0.jar;"/>
    <property name="java.vm.vendor" value="Oracle Corporation"/>
    <property name="sun.arch.data.model" value="64"/>
    <property name="user.variant" value=""/>
    <property name="java.vendor.url" value="http://java.oracle.com/"/>
    <property name="user.timezone" value="America/New_York"/>
    <property name="java.vm.specification.version" value="1.8"/>
    <property name="os.name" value="Windows 10"/>
    <property name="user.country" value="US"/>
    <property name="sun.java.launcher" value="SUN_STANDARD"/>
    <property name="sun.boot.library.path" value="C:\Program Files\Java\jdk1.8.0_121\jre\bin"/>
    <property name="sun.java.command" value="C:\Users\Saad\AppData\Local\Temp\surefire2899610456879089936\surefirebooter4493565841183006312.jar C:\Users\Saad\AppData\Local\Temp\surefire2899610456879089936 2018-11-08T00-31-06_741-jvmRun1 surefire8248766464059763036tmp surefire_06005910145365567778tmp"/>
    <property name="surefire.test.class.path" value="C:\Users\Saad\Desktop\Java_Application_for_Gmail_SaadKhan\target\test-classes;C:\Users\Saad\Desktop\Java_Application_for_Gmail_SaadKhan\target\classes;C:\Users\Saad\.m2\repository\org\jodd\jodd-mail\5.0.4\jodd-mail-5.0.4.jar;C:\Users\Saad\.m2\repository\org\jodd\jodd-core\5.0.4\jodd-core-5.0.4.jar;C:\Users\Saad\.m2\repository\javax\mail\javax.mail-api\1.6.1\javax.mail-api-1.6.1.jar;C:\Users\Saad\.m2\repository\javax\activation\activation\1.1\activation-1.1.jar;C:\Users\Saad\.m2\repository\com\sun\mail\javax.mail\1.6.1\javax.mail-1.6.1.jar;C:\Users\Saad\.m2\repository\org\slf4j\slf4j-api\1.7.25\slf4j-api-1.7.25.jar;C:\Users\Saad\.m2\repository\org\apache\logging\log4j\log4j-slf4j-impl\2.11.0\log4j-slf4j-impl-2.11.0.jar;C:\Users\Saad\.m2\repository\org\apache\logging\log4j\log4j-api\2.11.0\log4j-api-2.11.0.jar;C:\Users\Saad\.m2\repository\org\apache\logging\log4j\log4j-core\2.11.0\log4j-core-2.11.0.jar;C:\Users\Saad\.m2\repository\junit\junit\4.12\junit-4.12.jar;C:\Users\Saad\.m2\repository\org\hamcrest\hamcrest-core\1.3\hamcrest-core-1.3.jar;C:\Users\Saad\.m2\repository\mysql\mysql-connector-java\8.0.12\mysql-connector-java-8.0.12.jar;C:\Users\Saad\.m2\repository\com\google\protobuf\protobuf-java\2.6.0\protobuf-java-2.6.0.jar;"/>
    <property name="sun.cpu.endian" value="little"/>
    <property name="user.home" value="C:\Users\Saad"/>
    <property name="user.language" value="en"/>
    <property name="java.specification.vendor" value="Oracle Corporation"/>
    <property name="java.home" value="C:\Program Files\Java\jdk1.8.0_121\jre"/>
    <property name="basedir" value="C:\Users\Saad\Desktop\Java_Application_for_Gmail_SaadKhan"/>
    <property name="file.separator" value="\"/>
    <property name="line.separator" value="&#10;"/>
    <property name="java.vm.specification.vendor" value="Oracle Corporation"/>
    <property name="java.specification.name" value="Java Platform API Specification"/>
    <property name="java.awt.graphicsenv" value="sun.awt.Win32GraphicsEnvironment"/>
    <property name="surefire.real.class.path" value="C:\Users\Saad\AppData\Local\Temp\surefire2899610456879089936\surefirebooter4493565841183006312.jar"/>
    <property name="sun.boot.class.path" value="C:\Program Files\Java\jdk1.8.0_121\jre\lib\resources.jar;C:\Program Files\Java\jdk1.8.0_121\jre\lib\rt.jar;C:\Program Files\Java\jdk1.8.0_121\jre\lib\sunrsasign.jar;C:\Program Files\Java\jdk1.8.0_121\jre\lib\jsse.jar;C:\Program Files\Java\jdk1.8.0_121\jre\lib\jce.jar;C:\Program Files\Java\jdk1.8.0_121\jre\lib\charsets.jar;C:\Program Files\Java\jdk1.8.0_121\jre\lib\jfr.jar;C:\Program Files\Java\jdk1.8.0_121\jre\classes"/>
    <property name="user.script" value=""/>
    <property name="sun.management.compiler" value="HotSpot 64-Bit Tiered Compilers"/>
    <property name="java.runtime.version" value="1.8.0_121-b13"/>
    <property name="user.name" value="Saad"/>
    <property name="path.separator" value=";"/>
    <property name="os.version" value="10.0"/>
    <property name="java.endorsed.dirs" value="C:\Program Files\Java\jdk1.8.0_121\jre\lib\endorsed"/>
    <property name="java.runtime.name" value="Java(TM) SE Runtime Environment"/>
    <property name="file.encoding" value="UTF-8"/>
    <property name="java.vm.name" value="Java HotSpot(TM) 64-Bit Server VM"/>
    <property name="localRepository" value="C:\Users\Saad\.m2\repository"/>
    <property name="java.vendor.url.bug" value="http://bugreport.sun.com/bugreport/"/>
    <property name="java.io.tmpdir" value="C:\Users\Saad\AppData\Local\Temp\"/>
    <property name="idea.version" value="2018.1"/>
    <property name="java.version" value="1.8.0_121"/>
    <property name="user.dir" value="C:\Users\Saad\Desktop\Java_Application_for_Gmail_SaadKhan"/>
    <property name="os.arch" value="amd64"/>
    <property name="java.vm.specification.name" value="Java Virtual Machine Specification"/>
    <property name="java.awt.printerjob" value="sun.awt.windows.WPrinterJob"/>
    <property name="sun.os.patch.level" value=""/>
    <property name="java.library.path" value="C:\Program Files\Java\jdk1.8.0_121\jre\bin;C:\WINDOWS\Sun\Java\bin;C:\WINDOWS\system32;C:\WINDOWS;C:\Program Files (x86)\Common Files\Oracle\Java\javapath;C:\oraclexe\app\oracle\product\11.2.0\server\bin;;C:\ProgramData\Oracle\Java\javapath;C:\Windows\system32;C:\Windows;C:\Windows\System32\Wbem;C:\Windows\System32\WindowsPowerShell\v1.0\;C:\Program Files (x86)\NVIDIA Corporation\PhysX\Common;C:\Program Files (x86)\Brackets\command;C:\Program Files (x86)\PuTTY\;C:\WINDOWS\system32;C:\WINDOWS;C:\WINDOWS\System32\Wbem;C:\WINDOWS\System32\WindowsPowerShell\v1.0\;C:\Program Files (x86)\GtkSharp\2.12\bin;C:\Program Files\Microsoft SQL Server\130\Tools\Binn\;C:\Program Files\dotnet\;C:\Program Files\nodejs\;C:\WINDOWS\System32\OpenSSH\;C:\Program Files\Microsoft VS Code\bin;C:\HashiCorp\Vagrant\bin;C:\Users\Saad\AppData\Local\Microsoft\WindowsApps;C:\Program Files\Microsoft VS Code\bin;C:\Users\Saad\AppData\Roaming\npm;C:\Users\Saad\AppData\Local\Microsoft\WindowsApps;C:\Users\Saad\AppData\Local\Google\Cloud SDK\google-cloud-sdk\bin;."/>
    <property name="java.vm.info" value="mixed mode"/>
    <property name="java.vendor" value="Oracle Corporation"/>
    <property name="java.vm.version" value="25.121-b13"/>
    <property name="java.ext.dirs" value="C:\Program Files\Java\jdk1.8.0_121\jre\lib\ext;C:\WINDOWS\Sun\Java\lib\ext"/>
    <property name="sun.io.unicode.encoding" value="UnicodeLittle"/>
    <property name="java.class.version" value="52.0"/>
  </properties>
  <testcase name="sendInvalidCC" classname="com.saadkhan.buisness.EmailSenderTest" time="2.853"/>
  <testcase name="sendInvalidTo" classname="com.saadkhan.buisness.EmailSenderTest" time="1.514"/>
  <testcase name="sendOnlyHtml" classname="com.saadkhan.buisness.EmailSenderTest" time="17.315"/>
  <testcase name="sendAndReceiveWithAllFields" classname="com.saadkhan.buisness.EmailSenderTest" time="18.063"/>
  <testcase name="sendOnlyAttachments" classname="com.saadkhan.buisness.EmailSenderTest" time="18.015"/>
  <testcase name="sendHtmlNull" classname="com.saadkhan.buisness.EmailSenderTest" time="6.542"/>
  <testcase name="sendOnlyMessage" classname="com.saadkhan.buisness.EmailSenderTest" time="16.062"/>
  <testcase name="sendMessageNull" classname="com.saadkhan.buisness.EmailSenderTest" time="7.286"/>
  <testcase name="sendNullSubject" classname="com.saadkhan.buisness.EmailSenderTest" time="16.941"/>
  <testcase name="sendNothing" classname="com.saadkhan.buisness.EmailSenderTest" time="17.043"/>
  <testcase name="sendOnlyHtmlAndText" classname="com.saadkhan.buisness.EmailSenderTest" time="16.707"/>
</testsuite>